
✅ Built 46942 rows across 200 files (one row per file/id).
Device: cuda:0
Loaded checkpoint: /n/holylfs05/LABS/arguelles_delgado_lab/Everyone/hhanif/tambo_ckpts/diffusion/ckpt_epoch=1999.ckpt
Model set to eval mode.
DDIM sampler built (ddim_steps=100, eta=0.0)
Sample image shape: torch.Size([3, 32, 32])
Total samples: 46942
Test dataloader ready. Number of batches: 37
Collected 10 conditioning vectors.
First conditioning vector (cpu): tensor([ 1.4296,  0.8087,  0.6604,  1.3828, -0.3484])
Starting generation for condition 1/10
Condition (cpu): tensor([ 1.4296,  0.8087,  0.6604,  1.3828, -0.3484])
Condition 1/10: 200/1000 samples done
Condition 1/10: 400/1000 samples done
Condition 1/10: 600/1000 samples done
Condition 1/10: 800/1000 samples done
Condition 1/10: 1000/1000 samples done
Concatenated generated images for condition 1: torch.Size([1000, 3, 32, 32])
Finished condition 1/10
Starting generation for condition 2/10
Condition (cpu): tensor([-1.2677,  0.1276, -1.0384, -0.8355, -1.1359])
Condition 2/10: 200/1000 samples done
Condition 2/10: 400/1000 samples done
Condition 2/10: 600/1000 samples done
Condition 2/10: 800/1000 samples done
Condition 2/10: 1000/1000 samples done
Concatenated generated images for condition 2: torch.Size([1000, 3, 32, 32])
Finished condition 2/10
Starting generation for condition 3/10
Condition (cpu): tensor([ 0.1084, -1.4165,  1.3894,  0.9300,  1.0704])
Condition 3/10: 200/1000 samples done
Condition 3/10: 400/1000 samples done
Condition 3/10: 600/1000 samples done
Condition 3/10: 800/1000 samples done
Condition 3/10: 1000/1000 samples done
Concatenated generated images for condition 3: torch.Size([1000, 3, 32, 32])
Finished condition 3/10
Starting generation for condition 4/10
Condition (cpu): tensor([-0.0890,  1.1705,  0.1145,  0.1644,  1.4007])
Condition 4/10: 200/1000 samples done
Condition 4/10: 400/1000 samples done
Condition 4/10: 600/1000 samples done
Condition 4/10: 800/1000 samples done
Condition 4/10: 1000/1000 samples done
Concatenated generated images for condition 4: torch.Size([1000, 3, 32, 32])
Finished condition 4/10
Starting generation for condition 5/10
Condition (cpu): tensor([ 0.4793, -0.5986, -1.2575, -1.3813,  0.2684])
Condition 5/10: 200/1000 samples done
Condition 5/10: 400/1000 samples done
Condition 5/10: 600/1000 samples done
Condition 5/10: 800/1000 samples done
Condition 5/10: 1000/1000 samples done
Concatenated generated images for condition 5: torch.Size([1000, 3, 32, 32])
Finished condition 5/10
Starting generation for condition 6/10
Condition (cpu): tensor([0.4209, 0.8152, 0.6551, 0.6694, 1.2465])
Condition 6/10: 200/1000 samples done
Condition 6/10: 400/1000 samples done
Condition 6/10: 600/1000 samples done
Condition 6/10: 800/1000 samples done
Condition 6/10: 1000/1000 samples done
Concatenated generated images for condition 6: torch.Size([1000, 3, 32, 32])
Finished condition 6/10
Starting generation for condition 7/10
Condition (cpu): tensor([ 0.0722, -1.2939,  1.3773,  0.7187, -1.2244])
Condition 7/10: 200/1000 samples done
Condition 7/10: 400/1000 samples done
Condition 7/10: 600/1000 samples done
Condition 7/10: 800/1000 samples done
Condition 7/10: 1000/1000 samples done
Concatenated generated images for condition 7: torch.Size([1000, 3, 32, 32])
Finished condition 7/10
Starting generation for condition 8/10
Condition (cpu): tensor([-1.3772,  0.4684, -0.8797, -0.1424,  1.4011])
Condition 8/10: 200/1000 samples done
Condition 8/10: 400/1000 samples done
Condition 8/10: 600/1000 samples done
Condition 8/10: 800/1000 samples done
Condition 8/10: 1000/1000 samples done
Concatenated generated images for condition 8: torch.Size([1000, 3, 32, 32])
Finished condition 8/10
Starting generation for condition 9/10
Condition (cpu): tensor([ 1.4321,  0.6911, -0.7426, -1.2150,  0.7082])
Condition 9/10: 200/1000 samples done
Condition 9/10: 400/1000 samples done
Condition 9/10: 600/1000 samples done
Condition 9/10: 800/1000 samples done
Condition 9/10: 1000/1000 samples done
Concatenated generated images for condition 9: torch.Size([1000, 3, 32, 32])
Finished condition 9/10
Starting generation for condition 10/10
Condition (cpu): tensor([0.7480, 0.6391, 0.7852, 1.2109, 0.7452])
Condition 10/10: 200/1000 samples done
Condition 10/10: 400/1000 samples done
Condition 10/10: 600/1000 samples done
Condition 10/10: 800/1000 samples done
Condition 10/10: 1000/1000 samples done
Concatenated generated images for condition 10: torch.Size([1000, 3, 32, 32])
Finished condition 10/10
✔ Done: generated 10000 images across 10 conditions.
time from start in seconds 3758.98389339447
Saving plot: condition_1.png
Saving plot: condition_2.png
Saving plot: condition_3.png
Saving plot: condition_4.png
Saving plot: condition_5.png
Saving plot: condition_6.png
Saving plot: condition_7.png
Saving plot: condition_8.png
Saving plot: condition_9.png
Saving plot: condition_10.png
